[debug] [2020-02-06T15:47:09.739Z] ----------------------------------------------------------------------
[debug] [2020-02-06T15:47:09.742Z] Command:       C:\Program Files\nodejs\node.exe C:\Users\ethyl\AppData\Roaming\npm\node_modules\firebase-tools\lib\bin\firebase.js deploy
[debug] [2020-02-06T15:47:09.742Z] CLI Version:   7.6.2
[debug] [2020-02-06T15:47:09.742Z] Platform:      win32
[debug] [2020-02-06T15:47:09.742Z] Node Version:  v10.15.3
[debug] [2020-02-06T15:47:09.744Z] Time:          Thu Feb 06 2020 15:47:09 GMT+0000 (Greenwich Mean Time)
[debug] [2020-02-06T15:47:09.744Z] ----------------------------------------------------------------------
[debug] [2020-02-06T15:47:09.744Z] 
[debug] [2020-02-06T15:47:09.754Z] > command requires scopes: ["email","openid","https://www.googleapis.com/auth/cloudplatformprojects.readonly","https://www.googleapis.com/auth/firebase","https://www.googleapis.com/auth/cloud-platform"]
[debug] [2020-02-06T15:47:09.755Z] > authorizing via signed-in user
[debug] [2020-02-06T15:47:09.755Z] [iam] checking project cowtracker-5b405 for permissions ["firebase.projects.get","firebasehosting.sites.update"]
[debug] [2020-02-06T15:47:09.757Z] > refreshing access token with scopes: ["email","https://www.googleapis.com/auth/cloud-platform","https://www.googleapis.com/auth/cloudplatformprojects.readonly","https://www.googleapis.com/auth/firebase","openid"]
[debug] [2020-02-06T15:47:09.757Z] >>> HTTP REQUEST POST https://www.googleapis.com/oauth2/v3/token  
 <request body omitted>
[debug] [2020-02-06T15:47:13.904Z] <<< HTTP RESPONSE 200
[debug] [2020-02-06T15:47:13.969Z] >>> HTTP REQUEST POST https://cloudresourcemanager.googleapis.com/v1/projects/cowtracker-5b405:testIamPermissions  

[debug] [2020-02-06T15:47:14.702Z] <<< HTTP RESPONSE 200
[debug] [2020-02-06T15:47:14.708Z] >>> HTTP REQUEST GET https://firebase.googleapis.com/v1beta1/projects/cowtracker-5b405  
 
[debug] [2020-02-06T15:47:15.101Z] <<< HTTP RESPONSE 200
[info] 
[info] === Deploying to 'cowtracker-5b405'...
[info] 
[info] i  deploying hosting
[debug] [2020-02-06T15:47:15.294Z] TypeError [ERR_INVALID_ARG_TYPE]: The "path" argument must be of type string. Received type undefined
    at validateString (internal/validators.js:125:11)
    at Object.resolve (path.js:161:7)
    at resolveProjectPath (C:\Users\ethyl\AppData\Roaming\npm\node_modules\firebase-tools\lib\projectPath.js:6:17)
    at C:\Users\ethyl\AppData\Roaming\npm\node_modules\firebase-tools\lib\deploy\hosting\prepare.js:46:36
    at arrayEach (C:\Users\ethyl\AppData\Roaming\npm\node_modules\firebase-tools\node_modules\lodash\lodash.js:516:11)
    at Function.forEach (C:\Users\ethyl\AppData\Roaming\npm\node_modules\firebase-tools\node_modules\lodash\lodash.js:9342:14)
    at module.exports (C:\Users\ethyl\AppData\Roaming\npm\node_modules\firebase-tools\lib\deploy\hosting\prepare.js:29:7)
    at _chain (C:\Users\ethyl\AppData\Roaming\npm\node_modules\firebase-tools\lib\deploy\index.js:22:40)
    at C:\Users\ethyl\AppData\Roaming\npm\node_modules\firebase-tools\lib\deploy\index.js:63:16
    at process._tickCallback (internal/process/next_tick.js:68:7)
[error] 
[error] Error: An unexpected error has occurred.
[debug] [2020-02-06T15:53:36.611Z] ----------------------------------------------------------------------
[debug] [2020-02-06T15:53:36.616Z] Command:       C:\Program Files\nodejs\node.exe C:\Users\ethyl\AppData\Roaming\npm\node_modules\firebase-tools\lib\bin\firebase.js deploy
[debug] [2020-02-06T15:53:36.616Z] CLI Version:   7.6.2
[debug] [2020-02-06T15:53:36.616Z] Platform:      win32
[debug] [2020-02-06T15:53:36.616Z] Node Version:  v10.15.3
[debug] [2020-02-06T15:53:36.621Z] Time:          Thu Feb 06 2020 15:53:36 GMT+0000 (Greenwich Mean Time)
[debug] [2020-02-06T15:53:36.621Z] ----------------------------------------------------------------------
[debug] [2020-02-06T15:53:36.621Z] 
[debug] [2020-02-06T15:53:36.646Z] > command requires scopes: ["email","openid","https://www.googleapis.com/auth/cloudplatformprojects.readonly","https://www.googleapis.com/auth/firebase","https://www.googleapis.com/auth/cloud-platform"]
[debug] [2020-02-06T15:53:36.648Z] > authorizing via signed-in user
[debug] [2020-02-06T15:53:36.648Z] [iam] checking project cowtracker-5b405 for permissions ["firebase.projects.get","firebasehosting.sites.update"]
[debug] [2020-02-06T15:53:36.660Z] >>> HTTP REQUEST POST https://cloudresourcemanager.googleapis.com/v1/projects/cowtracker-5b405:testIamPermissions  

[debug] [2020-02-06T15:53:37.565Z] <<< HTTP RESPONSE 200
[debug] [2020-02-06T15:53:37.571Z] >>> HTTP REQUEST GET https://firebase.googleapis.com/v1beta1/projects/cowtracker-5b405  
 
[debug] [2020-02-06T15:53:37.808Z] <<< HTTP RESPONSE 200
[info] 
[info] === Deploying to 'cowtracker-5b405'...
[info] 
[info] i  deploying hosting
[debug] [2020-02-06T15:53:38.194Z] TypeError [ERR_INVALID_ARG_TYPE]: The "path" argument must be of type string. Received type undefined
    at validateString (internal/validators.js:125:11)
    at Object.resolve (path.js:161:7)
    at resolveProjectPath (C:\Users\ethyl\AppData\Roaming\npm\node_modules\firebase-tools\lib\projectPath.js:6:17)
    at C:\Users\ethyl\AppData\Roaming\npm\node_modules\firebase-tools\lib\deploy\hosting\prepare.js:46:36
    at arrayEach (C:\Users\ethyl\AppData\Roaming\npm\node_modules\firebase-tools\node_modules\lodash\lodash.js:516:11)
    at Function.forEach (C:\Users\ethyl\AppData\Roaming\npm\node_modules\firebase-tools\node_modules\lodash\lodash.js:9342:14)
    at module.exports (C:\Users\ethyl\AppData\Roaming\npm\node_modules\firebase-tools\lib\deploy\hosting\prepare.js:29:7)
    at _chain (C:\Users\ethyl\AppData\Roaming\npm\node_modules\firebase-tools\lib\deploy\index.js:22:40)
    at C:\Users\ethyl\AppData\Roaming\npm\node_modules\firebase-tools\lib\deploy\index.js:63:16
    at process._tickCallback (internal/process/next_tick.js:68:7)
[error] 
[error] Error: An unexpected error has occurred.
[debug] [2020-02-06T15:55:24.862Z] ----------------------------------------------------------------------
[debug] [2020-02-06T15:55:24.865Z] Command:       C:\Program Files\nodejs\node.exe C:\Users\ethyl\AppData\Roaming\npm\node_modules\firebase-tools\lib\bin\firebase.js deploy
[debug] [2020-02-06T15:55:24.865Z] CLI Version:   7.6.2
[debug] [2020-02-06T15:55:24.865Z] Platform:      win32
[debug] [2020-02-06T15:55:24.865Z] Node Version:  v10.15.3
[debug] [2020-02-06T15:55:24.867Z] Time:          Thu Feb 06 2020 15:55:24 GMT+0000 (Greenwich Mean Time)
[debug] [2020-02-06T15:55:24.867Z] ----------------------------------------------------------------------
[debug] [2020-02-06T15:55:24.867Z] 
[debug] [2020-02-06T15:55:24.879Z] > command requires scopes: ["email","openid","https://www.googleapis.com/auth/cloudplatformprojects.readonly","https://www.googleapis.com/auth/firebase","https://www.googleapis.com/auth/cloud-platform"]
[debug] [2020-02-06T15:55:24.879Z] > authorizing via signed-in user
[debug] [2020-02-06T15:55:24.880Z] [iam] checking project cowtracker-5b405 for permissions ["firebase.projects.get","firebasehosting.sites.update"]
[debug] [2020-02-06T15:55:24.882Z] >>> HTTP REQUEST POST https://cloudresourcemanager.googleapis.com/v1/projects/cowtracker-5b405:testIamPermissions  

[debug] [2020-02-06T15:55:25.704Z] <<< HTTP RESPONSE 200
[debug] [2020-02-06T15:55:25.712Z] >>> HTTP REQUEST GET https://firebase.googleapis.com/v1beta1/projects/cowtracker-5b405  
 
[debug] [2020-02-06T15:55:26.000Z] <<< HTTP RESPONSE 200
[info] 
[info] === Deploying to 'cowtracker-5b405'...
[info] 
[info] i  deploying hosting
[debug] [2020-02-06T15:55:26.210Z] TypeError [ERR_INVALID_ARG_TYPE]: The "path" argument must be of type string. Received type undefined
    at validateString (internal/validators.js:125:11)
    at Object.resolve (path.js:161:7)
    at resolveProjectPath (C:\Users\ethyl\AppData\Roaming\npm\node_modules\firebase-tools\lib\projectPath.js:6:17)
    at C:\Users\ethyl\AppData\Roaming\npm\node_modules\firebase-tools\lib\deploy\hosting\prepare.js:46:36
    at arrayEach (C:\Users\ethyl\AppData\Roaming\npm\node_modules\firebase-tools\node_modules\lodash\lodash.js:516:11)
    at Function.forEach (C:\Users\ethyl\AppData\Roaming\npm\node_modules\firebase-tools\node_modules\lodash\lodash.js:9342:14)
    at module.exports (C:\Users\ethyl\AppData\Roaming\npm\node_modules\firebase-tools\lib\deploy\hosting\prepare.js:29:7)
    at _chain (C:\Users\ethyl\AppData\Roaming\npm\node_modules\firebase-tools\lib\deploy\index.js:22:40)
    at C:\Users\ethyl\AppData\Roaming\npm\node_modules\firebase-tools\lib\deploy\index.js:63:16
    at process._tickCallback (internal/process/next_tick.js:68:7)
[error] 
[error] Error: An unexpected error has occurred.
[debug] [2020-02-06T15:55:51.530Z] ----------------------------------------------------------------------
[debug] [2020-02-06T15:55:51.532Z] Command:       C:\Program Files\nodejs\node.exe C:\Users\ethyl\AppData\Roaming\npm\node_modules\firebase-tools\lib\bin\firebase.js deploy
[debug] [2020-02-06T15:55:51.532Z] CLI Version:   7.6.2
[debug] [2020-02-06T15:55:51.532Z] Platform:      win32
[debug] [2020-02-06T15:55:51.532Z] Node Version:  v10.15.3
[debug] [2020-02-06T15:55:51.535Z] Time:          Thu Feb 06 2020 15:55:51 GMT+0000 (Greenwich Mean Time)
[debug] [2020-02-06T15:55:51.535Z] ----------------------------------------------------------------------
[debug] [2020-02-06T15:55:51.535Z] 
[debug] [2020-02-06T15:55:51.546Z] > command requires scopes: ["email","openid","https://www.googleapis.com/auth/cloudplatformprojects.readonly","https://www.googleapis.com/auth/firebase","https://www.googleapis.com/auth/cloud-platform"]
[debug] [2020-02-06T15:55:51.547Z] > authorizing via signed-in user
[debug] [2020-02-06T15:55:51.547Z] [iam] checking project cowtracker-5b405 for permissions ["firebase.projects.get","firebasehosting.sites.update"]
[debug] [2020-02-06T15:55:51.553Z] >>> HTTP REQUEST POST https://cloudresourcemanager.googleapis.com/v1/projects/cowtracker-5b405:testIamPermissions  

[debug] [2020-02-06T15:55:52.434Z] <<< HTTP RESPONSE 200
[debug] [2020-02-06T15:55:52.442Z] >>> HTTP REQUEST GET https://firebase.googleapis.com/v1beta1/projects/cowtracker-5b405  
 
[debug] [2020-02-06T15:55:52.677Z] <<< HTTP RESPONSE 200
[info] 
[info] === Deploying to 'cowtracker-5b405'...
[info] 
[info] i  deploying hosting
[debug] [2020-02-06T15:55:52.902Z] TypeError [ERR_INVALID_ARG_TYPE]: The "path" argument must be of type string. Received type undefined
    at validateString (internal/validators.js:125:11)
    at Object.resolve (path.js:161:7)
    at resolveProjectPath (C:\Users\ethyl\AppData\Roaming\npm\node_modules\firebase-tools\lib\projectPath.js:6:17)
    at C:\Users\ethyl\AppData\Roaming\npm\node_modules\firebase-tools\lib\deploy\hosting\prepare.js:46:36
    at arrayEach (C:\Users\ethyl\AppData\Roaming\npm\node_modules\firebase-tools\node_modules\lodash\lodash.js:516:11)
    at Function.forEach (C:\Users\ethyl\AppData\Roaming\npm\node_modules\firebase-tools\node_modules\lodash\lodash.js:9342:14)
    at module.exports (C:\Users\ethyl\AppData\Roaming\npm\node_modules\firebase-tools\lib\deploy\hosting\prepare.js:29:7)
    at _chain (C:\Users\ethyl\AppData\Roaming\npm\node_modules\firebase-tools\lib\deploy\index.js:22:40)
    at C:\Users\ethyl\AppData\Roaming\npm\node_modules\firebase-tools\lib\deploy\index.js:63:16
    at process._tickCallback (internal/process/next_tick.js:68:7)
[error] 
[error] Error: An unexpected error has occurred.
